<?xml version="1.0" encoding="UTF-8"?>
<testsuite name="sobad.code.movies_diary.controllers.UserControllerIT" tests="1" skipped="0" failures="0" errors="0" timestamp="2023-07-09T08:03:09" hostname="DESKTOP-C604IPF" time="0.359">
  <properties/>
  <testcase name="getUserMovies()" classname="sobad.code.movies_diary.controllers.UserControllerIT" time="0.359"/>
  <system-out><![CDATA[Hibernate: select t1_0.id,t1_0.expired,t1_0.revoked,t1_0.token,t1_0.user_id from token t1_0
Hibernate: select m1_0.id,m1_0.movie_id,m1_0.rating,m1_0.user_id from movie_rating m1_0
Hibernate: select u1_0.id,u1_0.password,u1_0.username from users u1_0
Hibernate: select u1_0.user_id,u1_0.id,m1_0.id,g1_0.movies_id,g1_1.id,g1_1.name,m1_0.imdb_rating,m1_0.kp_id,m1_0.kp_rating,m1_0.movie_name,m1_0.poster_url,m1_0.release_year,m1_0.review,u1_0.rating from movie_rating u1_0 left join movies m1_0 on m1_0.id=u1_0.movie_id left join (movie_genres g1_0 join genres g1_1 on g1_1.id=g1_0.genres_id) on m1_0.id=g1_0.movies_id where u1_0.user_id=?
Hibernate: select r1_0.users_id,r1_1.id,r1_1.name from user_roles r1_0 join roles r1_1 on r1_1.id=r1_0.roles_id where r1_0.users_id=?
Hibernate: select m1_0.user_id,m1_1.id,g1_0.movies_id,g1_1.id,g1_1.name,m1_1.imdb_rating,m1_1.kp_id,m1_1.kp_rating,m1_1.movie_name,m1_1.poster_url,m1_1.release_year,m1_1.review from users_movies m1_0 join movies m1_1 on m1_1.id=m1_0.movies_id left join (movie_genres g1_0 join genres g1_1 on g1_1.id=g1_0.genres_id) on m1_1.id=g1_0.movies_id where m1_0.user_id=?
Hibernate: delete from user_roles where users_id=?
Hibernate: delete from roles where id=?
Hibernate: delete from users where id=?
Hibernate: select m1_0.id,m1_0.imdb_rating,m1_0.kp_id,m1_0.kp_rating,m1_0.movie_name,m1_0.poster_url,m1_0.release_year,m1_0.review from movies m1_0
Hibernate: select g1_0.id,g1_0.name from genres g1_0
Hibernate: select r1_0.id,r1_0.name from roles r1_0
Hibernate: delete from roles where id=?
Hibernate: delete from roles where id=?
Hibernate: insert into roles (id, name) values (default, ?)
Hibernate: insert into roles (id, name) values (default, ?)
2023-07-09T11:03:09.627+03:00 DEBUG 10640 --- [    Test worker] s.w.s.m.m.a.RequestMappingHandlerMapping : Mapped to sobad.code.movies_diary.controllers.AuthController#registry(AuthRegistrationRequest)
2023-07-09T11:03:09.627+03:00 DEBUG 10640 --- [    Test worker] s.w.s.m.m.a.RequestMappingHandlerMapping : Mapped to sobad.code.movies_diary.controllers.AuthController#registry(AuthRegistrationRequest)
2023-07-09T11:03:09.627+03:00 DEBUG 10640 --- [    Test worker] s.w.s.m.m.a.RequestMappingHandlerMapping : Mapped to sobad.code.movies_diary.controllers.AuthController#registry(AuthRegistrationRequest)
2023-07-09T11:03:09.627+03:00 DEBUG 10640 --- [    Test worker] s.w.s.m.m.a.RequestMappingHandlerMapping : Mapped to sobad.code.movies_diary.controllers.AuthController#registry(AuthRegistrationRequest)
2023-07-09T11:03:09.627+03:00 DEBUG 10640 --- [    Test worker] s.w.s.m.m.a.RequestMappingHandlerMapping : Mapped to sobad.code.movies_diary.controllers.AuthController#registry(AuthRegistrationRequest)
2023-07-09T11:03:09.627+03:00 DEBUG 10640 --- [    Test worker] s.w.s.m.m.a.RequestMappingHandlerMapping : Mapped to sobad.code.movies_diary.controllers.AuthController#registry(AuthRegistrationRequest)
2023-07-09T11:03:09.627+03:00 DEBUG 10640 --- [    Test worker] s.w.s.m.m.a.RequestMappingHandlerMapping : Mapped to sobad.code.movies_diary.controllers.AuthController#registry(AuthRegistrationRequest)
2023-07-09T11:03:09.628+03:00 DEBUG 10640 --- [    Test worker] s.w.s.m.m.a.RequestMappingHandlerMapping : Mapped to sobad.code.movies_diary.controllers.AuthController#registry(AuthRegistrationRequest)
2023-07-09T11:03:09.628+03:00 DEBUG 10640 --- [    Test worker] m.m.a.RequestResponseBodyMethodProcessor : Read "application/json;charset=UTF-8" to [AuthRegistrationRequest(username=sobad, password=sobad, confirmPassword=sobad)]
Hibernate: insert into roles (id, name) values (default, ?)
Hibernate: insert into users (id, password, username) values (default, ?, ?)
Hibernate: insert into user_roles (users_id, roles_id) values (?, ?)
2023-07-09T11:03:09.687+03:00 DEBUG 10640 --- [    Test worker] o.s.w.s.m.m.a.HttpEntityMethodProcessor  : Using 'application/json', given [*/*] and supported [application/json, application/*+json]
2023-07-09T11:03:09.687+03:00 DEBUG 10640 --- [    Test worker] o.s.w.s.m.m.a.HttpEntityMethodProcessor  : Writing [UserDto(id=10, username=sobad)]
2023-07-09T11:03:09.688+03:00 DEBUG 10640 --- [    Test worker] s.w.s.m.m.a.RequestMappingHandlerMapping : Mapped to sobad.code.movies_diary.controllers.AuthController#login(AuthLoginRequest)
2023-07-09T11:03:09.688+03:00 DEBUG 10640 --- [    Test worker] s.w.s.m.m.a.RequestMappingHandlerMapping : Mapped to sobad.code.movies_diary.controllers.AuthController#login(AuthLoginRequest)
2023-07-09T11:03:09.688+03:00 DEBUG 10640 --- [    Test worker] s.w.s.m.m.a.RequestMappingHandlerMapping : Mapped to sobad.code.movies_diary.controllers.AuthController#login(AuthLoginRequest)
2023-07-09T11:03:09.688+03:00 DEBUG 10640 --- [    Test worker] s.w.s.m.m.a.RequestMappingHandlerMapping : Mapped to sobad.code.movies_diary.controllers.AuthController#login(AuthLoginRequest)
2023-07-09T11:03:09.688+03:00 DEBUG 10640 --- [    Test worker] s.w.s.m.m.a.RequestMappingHandlerMapping : Mapped to sobad.code.movies_diary.controllers.AuthController#login(AuthLoginRequest)
2023-07-09T11:03:09.689+03:00 DEBUG 10640 --- [    Test worker] s.w.s.m.m.a.RequestMappingHandlerMapping : Mapped to sobad.code.movies_diary.controllers.AuthController#login(AuthLoginRequest)
2023-07-09T11:03:09.689+03:00 DEBUG 10640 --- [    Test worker] s.w.s.m.m.a.RequestMappingHandlerMapping : Mapped to sobad.code.movies_diary.controllers.AuthController#login(AuthLoginRequest)
2023-07-09T11:03:09.689+03:00 DEBUG 10640 --- [    Test worker] s.w.s.m.m.a.RequestMappingHandlerMapping : Mapped to sobad.code.movies_diary.controllers.AuthController#login(AuthLoginRequest)
2023-07-09T11:03:09.689+03:00 DEBUG 10640 --- [    Test worker] m.m.a.RequestResponseBodyMethodProcessor : Read "application/json;charset=UTF-8" to [AuthLoginRequest(username=sobad, password=sobad)]
Hibernate: select u1_0.id,u1_0.password,u1_0.username from users u1_0 where u1_0.username=?
Hibernate: select u1_0.user_id,u1_0.id,m1_0.id,g1_0.movies_id,g1_1.id,g1_1.name,m1_0.imdb_rating,m1_0.kp_id,m1_0.kp_rating,m1_0.movie_name,m1_0.poster_url,m1_0.release_year,m1_0.review,u1_0.rating from movie_rating u1_0 left join movies m1_0 on m1_0.id=u1_0.movie_id left join (movie_genres g1_0 join genres g1_1 on g1_1.id=g1_0.genres_id) on m1_0.id=g1_0.movies_id where u1_0.user_id=?
Hibernate: select r1_0.users_id,r1_1.id,r1_1.name from user_roles r1_0 join roles r1_1 on r1_1.id=r1_0.roles_id where r1_0.users_id=?
Hibernate: select m1_0.user_id,m1_1.id,g1_0.movies_id,g1_1.id,g1_1.name,m1_1.imdb_rating,m1_1.kp_id,m1_1.kp_rating,m1_1.movie_name,m1_1.poster_url,m1_1.release_year,m1_1.review from users_movies m1_0 join movies m1_1 on m1_1.id=m1_0.movies_id left join (movie_genres g1_0 join genres g1_1 on g1_1.id=g1_0.genres_id) on m1_1.id=g1_0.movies_id where m1_0.user_id=?
Hibernate: select u1_0.id,u1_0.password,u1_0.username from users u1_0 where u1_0.username=?
Hibernate: insert into token (id, expired, revoked, token, user_id) values (default, ?, ?, ?, ?)
2023-07-09T11:03:09.751+03:00 DEBUG 10640 --- [    Test worker] o.s.w.s.m.m.a.HttpEntityMethodProcessor  : Using 'application/json', given [*/*] and supported [application/json, application/*+json]
2023-07-09T11:03:09.751+03:00 DEBUG 10640 --- [    Test worker] o.s.w.s.m.m.a.HttpEntityMethodProcessor  : Writing [AuthTokenResponse(accessToken=eyJhbGciOiJIUzI1NiJ9.eyJzdWIiOiJzb2JhZCIsImV4cCI6MTY4ODg5MDk4OSwiaWF0I (truncated)...]
2023-07-09T11:03:09.753+03:00 DEBUG 10640 --- [    Test worker] s.w.s.m.m.a.RequestMappingHandlerMapping : Mapped to sobad.code.movies_diary.controllers.AuthController#registry(AuthRegistrationRequest)
2023-07-09T11:03:09.753+03:00 DEBUG 10640 --- [    Test worker] s.w.s.m.m.a.RequestMappingHandlerMapping : Mapped to sobad.code.movies_diary.controllers.AuthController#registry(AuthRegistrationRequest)
2023-07-09T11:03:09.753+03:00 DEBUG 10640 --- [    Test worker] s.w.s.m.m.a.RequestMappingHandlerMapping : Mapped to sobad.code.movies_diary.controllers.AuthController#registry(AuthRegistrationRequest)
2023-07-09T11:03:09.753+03:00 DEBUG 10640 --- [    Test worker] s.w.s.m.m.a.RequestMappingHandlerMapping : Mapped to sobad.code.movies_diary.controllers.AuthController#registry(AuthRegistrationRequest)
2023-07-09T11:03:09.753+03:00 DEBUG 10640 --- [    Test worker] s.w.s.m.m.a.RequestMappingHandlerMapping : Mapped to sobad.code.movies_diary.controllers.AuthController#registry(AuthRegistrationRequest)
2023-07-09T11:03:09.753+03:00 DEBUG 10640 --- [    Test worker] s.w.s.m.m.a.RequestMappingHandlerMapping : Mapped to sobad.code.movies_diary.controllers.AuthController#registry(AuthRegistrationRequest)
2023-07-09T11:03:09.754+03:00 DEBUG 10640 --- [    Test worker] s.w.s.m.m.a.RequestMappingHandlerMapping : Mapped to sobad.code.movies_diary.controllers.AuthController#registry(AuthRegistrationRequest)
2023-07-09T11:03:09.754+03:00 DEBUG 10640 --- [    Test worker] s.w.s.m.m.a.RequestMappingHandlerMapping : Mapped to sobad.code.movies_diary.controllers.AuthController#registry(AuthRegistrationRequest)
2023-07-09T11:03:09.754+03:00 DEBUG 10640 --- [    Test worker] m.m.a.RequestResponseBodyMethodProcessor : Read "application/json;charset=UTF-8" to [AuthRegistrationRequest(username=datfeel, password=datfeel, confirmPassword=datfeel)]
Hibernate: insert into roles (id, name) values (default, ?)
Hibernate: insert into users (id, password, username) values (default, ?, ?)
Hibernate: insert into user_roles (users_id, roles_id) values (?, ?)
2023-07-09T11:03:09.813+03:00 DEBUG 10640 --- [    Test worker] o.s.w.s.m.m.a.HttpEntityMethodProcessor  : Using 'application/json', given [*/*] and supported [application/json, application/*+json]
2023-07-09T11:03:09.813+03:00 DEBUG 10640 --- [    Test worker] o.s.w.s.m.m.a.HttpEntityMethodProcessor  : Writing [UserDto(id=11, username=datfeel)]
2023-07-09T11:03:09.814+03:00 DEBUG 10640 --- [    Test worker] s.w.s.m.m.a.RequestMappingHandlerMapping : Mapped to sobad.code.movies_diary.controllers.AuthController#login(AuthLoginRequest)
2023-07-09T11:03:09.815+03:00 DEBUG 10640 --- [    Test worker] s.w.s.m.m.a.RequestMappingHandlerMapping : Mapped to sobad.code.movies_diary.controllers.AuthController#login(AuthLoginRequest)
2023-07-09T11:03:09.815+03:00 DEBUG 10640 --- [    Test worker] s.w.s.m.m.a.RequestMappingHandlerMapping : Mapped to sobad.code.movies_diary.controllers.AuthController#login(AuthLoginRequest)
2023-07-09T11:03:09.815+03:00 DEBUG 10640 --- [    Test worker] s.w.s.m.m.a.RequestMappingHandlerMapping : Mapped to sobad.code.movies_diary.controllers.AuthController#login(AuthLoginRequest)
2023-07-09T11:03:09.815+03:00 DEBUG 10640 --- [    Test worker] s.w.s.m.m.a.RequestMappingHandlerMapping : Mapped to sobad.code.movies_diary.controllers.AuthController#login(AuthLoginRequest)
2023-07-09T11:03:09.815+03:00 DEBUG 10640 --- [    Test worker] s.w.s.m.m.a.RequestMappingHandlerMapping : Mapped to sobad.code.movies_diary.controllers.AuthController#login(AuthLoginRequest)
2023-07-09T11:03:09.815+03:00 DEBUG 10640 --- [    Test worker] s.w.s.m.m.a.RequestMappingHandlerMapping : Mapped to sobad.code.movies_diary.controllers.AuthController#login(AuthLoginRequest)
2023-07-09T11:03:09.815+03:00 DEBUG 10640 --- [    Test worker] s.w.s.m.m.a.RequestMappingHandlerMapping : Mapped to sobad.code.movies_diary.controllers.AuthController#login(AuthLoginRequest)
2023-07-09T11:03:09.815+03:00 DEBUG 10640 --- [    Test worker] m.m.a.RequestResponseBodyMethodProcessor : Read "application/json;charset=UTF-8" to [AuthLoginRequest(username=datfeel, password=datfeel)]
Hibernate: select u1_0.id,u1_0.password,u1_0.username from users u1_0 where u1_0.username=?
Hibernate: select u1_0.user_id,u1_0.id,m1_0.id,g1_0.movies_id,g1_1.id,g1_1.name,m1_0.imdb_rating,m1_0.kp_id,m1_0.kp_rating,m1_0.movie_name,m1_0.poster_url,m1_0.release_year,m1_0.review,u1_0.rating from movie_rating u1_0 left join movies m1_0 on m1_0.id=u1_0.movie_id left join (movie_genres g1_0 join genres g1_1 on g1_1.id=g1_0.genres_id) on m1_0.id=g1_0.movies_id where u1_0.user_id=?
Hibernate: select r1_0.users_id,r1_1.id,r1_1.name from user_roles r1_0 join roles r1_1 on r1_1.id=r1_0.roles_id where r1_0.users_id=?
Hibernate: select m1_0.user_id,m1_1.id,g1_0.movies_id,g1_1.id,g1_1.name,m1_1.imdb_rating,m1_1.kp_id,m1_1.kp_rating,m1_1.movie_name,m1_1.poster_url,m1_1.release_year,m1_1.review from users_movies m1_0 join movies m1_1 on m1_1.id=m1_0.movies_id left join (movie_genres g1_0 join genres g1_1 on g1_1.id=g1_0.genres_id) on m1_1.id=g1_0.movies_id where m1_0.user_id=?
Hibernate: select u1_0.id,u1_0.password,u1_0.username from users u1_0 where u1_0.username=?
Hibernate: insert into token (id, expired, revoked, token, user_id) values (default, ?, ?, ?, ?)
2023-07-09T11:03:09.876+03:00 DEBUG 10640 --- [    Test worker] o.s.w.s.m.m.a.HttpEntityMethodProcessor  : Using 'application/json', given [*/*] and supported [application/json, application/*+json]
2023-07-09T11:03:09.877+03:00 DEBUG 10640 --- [    Test worker] o.s.w.s.m.m.a.HttpEntityMethodProcessor  : Writing [AuthTokenResponse(accessToken=eyJhbGciOiJIUzI1NiJ9.eyJzdWIiOiJkYXRmZWVsIiwiZXhwIjoxNjg4ODkwOTg5LCJpY (truncated)...]
Hibernate: select u1_0.id,u1_0.password,u1_0.username from users u1_0
Hibernate: select u1_0.user_id,u1_0.id,m1_0.id,g1_0.movies_id,g1_1.id,g1_1.name,m1_0.imdb_rating,m1_0.kp_id,m1_0.kp_rating,m1_0.movie_name,m1_0.poster_url,m1_0.release_year,m1_0.review,u1_0.rating from movie_rating u1_0 left join movies m1_0 on m1_0.id=u1_0.movie_id left join (movie_genres g1_0 join genres g1_1 on g1_1.id=g1_0.genres_id) on m1_0.id=g1_0.movies_id where u1_0.user_id=?
Hibernate: select r1_0.users_id,r1_1.id,r1_1.name from user_roles r1_0 join roles r1_1 on r1_1.id=r1_0.roles_id where r1_0.users_id=?
Hibernate: select m1_0.user_id,m1_1.id,g1_0.movies_id,g1_1.id,g1_1.name,m1_1.imdb_rating,m1_1.kp_id,m1_1.kp_rating,m1_1.movie_name,m1_1.poster_url,m1_1.release_year,m1_1.review from users_movies m1_0 join movies m1_1 on m1_1.id=m1_0.movies_id left join (movie_genres g1_0 join genres g1_1 on g1_1.id=g1_0.genres_id) on m1_1.id=g1_0.movies_id where m1_0.user_id=?
Hibernate: select u1_0.user_id,u1_0.id,m1_0.id,g1_0.movies_id,g1_1.id,g1_1.name,m1_0.imdb_rating,m1_0.kp_id,m1_0.kp_rating,m1_0.movie_name,m1_0.poster_url,m1_0.release_year,m1_0.review,u1_0.rating from movie_rating u1_0 left join movies m1_0 on m1_0.id=u1_0.movie_id left join (movie_genres g1_0 join genres g1_1 on g1_1.id=g1_0.genres_id) on m1_0.id=g1_0.movies_id where u1_0.user_id=?
Hibernate: select r1_0.users_id,r1_1.id,r1_1.name from user_roles r1_0 join roles r1_1 on r1_1.id=r1_0.roles_id where r1_0.users_id=?
Hibernate: select m1_0.user_id,m1_1.id,g1_0.movies_id,g1_1.id,g1_1.name,m1_1.imdb_rating,m1_1.kp_id,m1_1.kp_rating,m1_1.movie_name,m1_1.poster_url,m1_1.release_year,m1_1.review from users_movies m1_0 join movies m1_1 on m1_1.id=m1_0.movies_id left join (movie_genres g1_0 join genres g1_1 on g1_1.id=g1_0.genres_id) on m1_1.id=g1_0.movies_id where m1_0.user_id=?
2023-07-09T11:03:09.880+03:00 DEBUG 10640 --- [    Test worker] s.w.s.m.m.a.RequestMappingHandlerMapping : Mapped to sobad.code.movies_diary.controllers.MovieController#createMovie(MovieDtoRequest)
Hibernate: select u1_0.id,u1_0.password,u1_0.username from users u1_0 where u1_0.username=?
Hibernate: select u1_0.user_id,u1_0.id,m1_0.id,g1_0.movies_id,g1_1.id,g1_1.name,m1_0.imdb_rating,m1_0.kp_id,m1_0.kp_rating,m1_0.movie_name,m1_0.poster_url,m1_0.release_year,m1_0.review,u1_0.rating from movie_rating u1_0 left join movies m1_0 on m1_0.id=u1_0.movie_id left join (movie_genres g1_0 join genres g1_1 on g1_1.id=g1_0.genres_id) on m1_0.id=g1_0.movies_id where u1_0.user_id=?
Hibernate: select r1_0.users_id,r1_1.id,r1_1.name from user_roles r1_0 join roles r1_1 on r1_1.id=r1_0.roles_id where r1_0.users_id=?
Hibernate: select m1_0.user_id,m1_1.id,g1_0.movies_id,g1_1.id,g1_1.name,m1_1.imdb_rating,m1_1.kp_id,m1_1.kp_rating,m1_1.movie_name,m1_1.poster_url,m1_1.release_year,m1_1.review from users_movies m1_0 join movies m1_1 on m1_1.id=m1_0.movies_id left join (movie_genres g1_0 join genres g1_1 on g1_1.id=g1_0.genres_id) on m1_1.id=g1_0.movies_id where m1_0.user_id=?
Hibernate: select u1_0.id,u1_0.password,u1_0.username from users u1_0 where u1_0.username=?
Hibernate: select u1_0.user_id,u1_0.id,m1_0.id,g1_0.movies_id,g1_1.id,g1_1.name,m1_0.imdb_rating,m1_0.kp_id,m1_0.kp_rating,m1_0.movie_name,m1_0.poster_url,m1_0.release_year,m1_0.review,u1_0.rating from movie_rating u1_0 left join movies m1_0 on m1_0.id=u1_0.movie_id left join (movie_genres g1_0 join genres g1_1 on g1_1.id=g1_0.genres_id) on m1_0.id=g1_0.movies_id where u1_0.user_id=?
Hibernate: select r1_0.users_id,r1_1.id,r1_1.name from user_roles r1_0 join roles r1_1 on r1_1.id=r1_0.roles_id where r1_0.users_id=?
Hibernate: select m1_0.user_id,m1_1.id,g1_0.movies_id,g1_1.id,g1_1.name,m1_1.imdb_rating,m1_1.kp_id,m1_1.kp_rating,m1_1.movie_name,m1_1.poster_url,m1_1.release_year,m1_1.review from users_movies m1_0 join movies m1_1 on m1_1.id=m1_0.movies_id left join (movie_genres g1_0 join genres g1_1 on g1_1.id=g1_0.genres_id) on m1_1.id=g1_0.movies_id where m1_0.user_id=?
Hibernate: select t1_0.id,t1_0.expired,t1_0.revoked,t1_0.token,t1_0.user_id from token t1_0 where t1_0.token=?
2023-07-09T11:03:09.887+03:00 DEBUG 10640 --- [    Test worker] s.w.s.m.m.a.RequestMappingHandlerMapping : Mapped to sobad.code.movies_diary.controllers.MovieController#createMovie(MovieDtoRequest)
2023-07-09T11:03:09.887+03:00 DEBUG 10640 --- [    Test worker] s.w.s.m.m.a.RequestMappingHandlerMapping : Mapped to sobad.code.movies_diary.controllers.MovieController#createMovie(MovieDtoRequest)
2023-07-09T11:03:09.888+03:00 DEBUG 10640 --- [    Test worker] m.m.a.RequestResponseBodyMethodProcessor : Read "application/json;charset=UTF-8" to [sobad.code.movies_diary.dto.MovieDtoRequest@16e2a7be]
Hibernate: select m1_0.id,m1_0.imdb_rating,m1_0.kp_id,m1_0.kp_rating,m1_0.movie_name,m1_0.poster_url,m1_0.release_year,m1_0.review from movies m1_0 where m1_0.kp_id=?
Hibernate: select g1_0.id,g1_0.name from genres g1_0 where g1_0.name=?
Hibernate: insert into genres (id, name) values (default, ?)
Hibernate: select g1_0.id,g1_0.name from genres g1_0 where g1_0.name=?
Hibernate: insert into genres (id, name) values (default, ?)
Hibernate: select g1_0.id,g1_0.name from genres g1_0 where g1_0.name=?
Hibernate: insert into genres (id, name) values (default, ?)
Hibernate: select g1_0.id,g1_0.name from genres g1_0 where g1_0.name=?
Hibernate: insert into genres (id, name) values (default, ?)
Hibernate: insert into movies (id, imdb_rating, kp_id, kp_rating, movie_name, poster_url, release_year, review) values (default, ?, ?, ?, ?, ?, ?, ?)
Hibernate: insert into movie_genres (movies_id, genres_id) values (?, ?)
Hibernate: insert into movie_genres (movies_id, genres_id) values (?, ?)
Hibernate: insert into movie_genres (movies_id, genres_id) values (?, ?)
Hibernate: insert into movie_genres (movies_id, genres_id) values (?, ?)
Hibernate: select u1_0.id,u1_0.password,u1_0.username from users u1_0 where u1_0.username=?
Hibernate: select u1_0.user_id,u1_0.id,m1_0.id,g1_0.movies_id,g1_1.id,g1_1.name,m1_0.imdb_rating,m1_0.kp_id,m1_0.kp_rating,m1_0.movie_name,m1_0.poster_url,m1_0.release_year,m1_0.review,u1_0.rating from movie_rating u1_0 left join movies m1_0 on m1_0.id=u1_0.movie_id left join (movie_genres g1_0 join genres g1_1 on g1_1.id=g1_0.genres_id) on m1_0.id=g1_0.movies_id where u1_0.user_id=?
Hibernate: select r1_0.users_id,r1_1.id,r1_1.name from user_roles r1_0 join roles r1_1 on r1_1.id=r1_0.roles_id where r1_0.users_id=?
Hibernate: select m1_0.user_id,m1_1.id,g1_0.movies_id,g1_1.id,g1_1.name,m1_1.imdb_rating,m1_1.kp_id,m1_1.kp_rating,m1_1.movie_name,m1_1.poster_url,m1_1.release_year,m1_1.review from users_movies m1_0 join movies m1_1 on m1_1.id=m1_0.movies_id left join (movie_genres g1_0 join genres g1_1 on g1_1.id=g1_0.genres_id) on m1_1.id=g1_0.movies_id where m1_0.user_id=?
Hibernate: insert into movie_rating (id, movie_id, rating, user_id) values (default, ?, ?, ?)
Hibernate: select u1_0.id,u1_0.password,u1_0.username from users u1_0 where u1_0.username=?
Hibernate: insert into users_movies (user_id, movies_id) values (?, ?)
Hibernate: select u1_0.id,u1_0.password,u1_0.username from users u1_0 where u1_0.username=?
Hibernate: select m1_0.id,m1_0.movie_id,m1_0.rating,m1_0.user_id from movie_rating m1_0 where m1_0.movie_id=? and m1_0.user_id=?
Hibernate: select m1_0.id,m1_0.movie_id,m1_0.rating,m1_0.user_id from movie_rating m1_0 where m1_0.movie_id=?
2023-07-09T11:03:09.902+03:00 DEBUG 10640 --- [    Test worker] o.s.w.s.m.m.a.HttpEntityMethodProcessor  : Using 'application/json', given [*/*] and supported [application/json, application/*+json]
2023-07-09T11:03:09.902+03:00 DEBUG 10640 --- [    Test worker] o.s.w.s.m.m.a.HttpEntityMethodProcessor  : Writing [sobad.code.movies_diary.dto.MovieDtoResponse@685a8158]
Hibernate: select m1_0.id,m1_0.imdb_rating,m1_0.kp_id,m1_0.kp_rating,m1_0.movie_name,m1_0.poster_url,m1_0.release_year,m1_0.review from movies m1_0 where m1_0.kp_id=?
Hibernate: select g1_0.movies_id,g1_1.id,g1_1.name from movie_genres g1_0 join genres g1_1 on g1_1.id=g1_0.genres_id where g1_0.movies_id=?
Hibernate: select u1_0.id,u1_0.password,u1_0.username from users u1_0
Hibernate: select u1_0.user_id,u1_0.id,m1_0.id,g1_0.movies_id,g1_1.id,g1_1.name,m1_0.imdb_rating,m1_0.kp_id,m1_0.kp_rating,m1_0.movie_name,m1_0.poster_url,m1_0.release_year,m1_0.review,u1_0.rating from movie_rating u1_0 left join movies m1_0 on m1_0.id=u1_0.movie_id left join (movie_genres g1_0 join genres g1_1 on g1_1.id=g1_0.genres_id) on m1_0.id=g1_0.movies_id where u1_0.user_id=?
Hibernate: select r1_0.users_id,r1_1.id,r1_1.name from user_roles r1_0 join roles r1_1 on r1_1.id=r1_0.roles_id where r1_0.users_id=?
Hibernate: select m1_0.user_id,m1_1.id,g1_0.movies_id,g1_1.id,g1_1.name,m1_1.imdb_rating,m1_1.kp_id,m1_1.kp_rating,m1_1.movie_name,m1_1.poster_url,m1_1.release_year,m1_1.review from users_movies m1_0 join movies m1_1 on m1_1.id=m1_0.movies_id left join (movie_genres g1_0 join genres g1_1 on g1_1.id=g1_0.genres_id) on m1_1.id=g1_0.movies_id where m1_0.user_id=?
Hibernate: select u1_0.user_id,u1_0.id,m1_0.id,g1_0.movies_id,g1_1.id,g1_1.name,m1_0.imdb_rating,m1_0.kp_id,m1_0.kp_rating,m1_0.movie_name,m1_0.poster_url,m1_0.release_year,m1_0.review,u1_0.rating from movie_rating u1_0 left join movies m1_0 on m1_0.id=u1_0.movie_id left join (movie_genres g1_0 join genres g1_1 on g1_1.id=g1_0.genres_id) on m1_0.id=g1_0.movies_id where u1_0.user_id=?
Hibernate: select r1_0.users_id,r1_1.id,r1_1.name from user_roles r1_0 join roles r1_1 on r1_1.id=r1_0.roles_id where r1_0.users_id=?
Hibernate: select m1_0.user_id,m1_1.id,g1_0.movies_id,g1_1.id,g1_1.name,m1_1.imdb_rating,m1_1.kp_id,m1_1.kp_rating,m1_1.movie_name,m1_1.poster_url,m1_1.release_year,m1_1.review from users_movies m1_0 join movies m1_1 on m1_1.id=m1_0.movies_id left join (movie_genres g1_0 join genres g1_1 on g1_1.id=g1_0.genres_id) on m1_1.id=g1_0.movies_id where m1_0.user_id=?
Hibernate: select m1_0.id,m1_0.movie_id,m1_0.rating,m1_0.user_id from movie_rating m1_0 where m1_0.movie_id=? and m1_0.user_id=?
Hibernate: select m1_0.id,g1_0.movies_id,g1_1.id,g1_1.name,m1_0.imdb_rating,m1_0.kp_id,m1_0.kp_rating,m1_0.movie_name,m1_0.poster_url,m1_0.release_year,m1_0.review from movies m1_0 left join (movie_genres g1_0 join genres g1_1 on g1_1.id=g1_0.genres_id) on m1_0.id=g1_0.movies_id where m1_0.id=?
Hibernate: select u1_0.id,m1_0.user_id,m1_1.id,g1_0.movies_id,g1_1.id,g1_1.name,m1_1.imdb_rating,m1_1.kp_id,m1_1.kp_rating,m1_1.movie_name,m1_1.poster_url,m1_1.release_year,m1_1.review,u1_0.password,r1_0.users_id,r1_1.id,r1_1.name,u2_0.user_id,u2_0.id,m2_0.id,g2_0.movies_id,g2_1.id,g2_1.name,m2_0.imdb_rating,m2_0.kp_id,m2_0.kp_rating,m2_0.movie_name,m2_0.poster_url,m2_0.release_year,m2_0.review,u2_0.rating,u1_0.username from users u1_0 left join (users_movies m1_0 join movies m1_1 on m1_1.id=m1_0.movies_id) on u1_0.id=m1_0.user_id left join (movie_genres g1_0 join genres g1_1 on g1_1.id=g1_0.genres_id) on m1_1.id=g1_0.movies_id left join (user_roles r1_0 join roles r1_1 on r1_1.id=r1_0.roles_id) on u1_0.id=r1_0.users_id left join movie_rating u2_0 on u1_0.id=u2_0.user_id left join movies m2_0 on m2_0.id=u2_0.movie_id left join (movie_genres g2_0 join genres g2_1 on g2_1.id=g2_0.genres_id) on m2_0.id=g2_0.movies_id where u1_0.id=?
2023-07-09T11:03:09.911+03:00 DEBUG 10640 --- [    Test worker] s.w.s.m.m.a.RequestMappingHandlerMapping : Mapped to sobad.code.movies_diary.controllers.UserController#getUserProfile(String)
2023-07-09T11:03:09.911+03:00 DEBUG 10640 --- [    Test worker] s.w.s.m.m.a.RequestMappingHandlerMapping : Mapped to sobad.code.movies_diary.controllers.UserController#getUserProfile(String)
2023-07-09T11:03:09.911+03:00 DEBUG 10640 --- [    Test worker] s.w.s.m.m.a.RequestMappingHandlerMapping : Mapped to sobad.code.movies_diary.controllers.UserController#getUserProfile(String)
2023-07-09T11:03:09.911+03:00 DEBUG 10640 --- [    Test worker] s.w.s.m.m.a.RequestMappingHandlerMapping : Mapped to sobad.code.movies_diary.controllers.UserController#getUserProfile(String)
2023-07-09T11:03:09.912+03:00 DEBUG 10640 --- [    Test worker] s.w.s.m.m.a.RequestMappingHandlerMapping : Mapped to sobad.code.movies_diary.controllers.UserController#getUserProfile(String)
2023-07-09T11:03:09.912+03:00 DEBUG 10640 --- [    Test worker] s.w.s.m.m.a.RequestMappingHandlerMapping : Mapped to sobad.code.movies_diary.controllers.UserController#getUserProfile(String)
2023-07-09T11:03:09.912+03:00 DEBUG 10640 --- [    Test worker] s.w.s.m.m.a.RequestMappingHandlerMapping : Mapped to sobad.code.movies_diary.controllers.UserController#getUserProfile(String)
2023-07-09T11:03:09.912+03:00 DEBUG 10640 --- [    Test worker] s.w.s.m.m.a.RequestMappingHandlerMapping : Mapped to sobad.code.movies_diary.controllers.UserController#getUserProfile(String)
Hibernate: select u1_0.id,u1_0.password,u1_0.username from users u1_0 where u1_0.username=?
Hibernate: select u1_0.user_id,u1_0.id,m1_0.id,g1_0.movies_id,g1_1.id,g1_1.name,m1_0.imdb_rating,m1_0.kp_id,m1_0.kp_rating,m1_0.movie_name,m1_0.poster_url,m1_0.release_year,m1_0.review,u1_0.rating from movie_rating u1_0 left join movies m1_0 on m1_0.id=u1_0.movie_id left join (movie_genres g1_0 join genres g1_1 on g1_1.id=g1_0.genres_id) on m1_0.id=g1_0.movies_id where u1_0.user_id=?
Hibernate: select r1_0.users_id,r1_1.id,r1_1.name from user_roles r1_0 join roles r1_1 on r1_1.id=r1_0.roles_id where r1_0.users_id=?
Hibernate: select m1_0.user_id,m1_1.id,g1_0.movies_id,g1_1.id,g1_1.name,m1_1.imdb_rating,m1_1.kp_id,m1_1.kp_rating,m1_1.movie_name,m1_1.poster_url,m1_1.release_year,m1_1.review from users_movies m1_0 join movies m1_1 on m1_1.id=m1_0.movies_id left join (movie_genres g1_0 join genres g1_1 on g1_1.id=g1_0.genres_id) on m1_1.id=g1_0.movies_id where m1_0.user_id=?
Hibernate: select m1_0.id,m1_0.movie_id,m1_0.rating,m1_0.user_id from movie_rating m1_0 where m1_0.movie_id=? and m1_0.user_id=?
Hibernate: select m1_0.id,m1_0.movie_id,m1_0.rating,m1_0.user_id from movie_rating m1_0 where m1_0.movie_id=?
2023-07-09T11:03:09.919+03:00 DEBUG 10640 --- [    Test worker] o.s.w.s.m.m.a.HttpEntityMethodProcessor  : Using 'application/json', given [*/*] and supported [application/json, application/*+json]
2023-07-09T11:03:09.920+03:00 DEBUG 10640 --- [    Test worker] o.s.w.s.m.m.a.HttpEntityMethodProcessor  : Writing [UserDtoResponse(username=sobad, movies=[sobad.code.movies_diary.dto.MovieDtoResponse@e77180e])]
Hibernate: select u1_0.id,u1_0.password,u1_0.username from users u1_0
Hibernate: select u1_0.user_id,u1_0.id,m1_0.id,g1_0.movies_id,g1_1.id,g1_1.name,m1_0.imdb_rating,m1_0.kp_id,m1_0.kp_rating,m1_0.movie_name,m1_0.poster_url,m1_0.release_year,m1_0.review,u1_0.rating from movie_rating u1_0 left join movies m1_0 on m1_0.id=u1_0.movie_id left join (movie_genres g1_0 join genres g1_1 on g1_1.id=g1_0.genres_id) on m1_0.id=g1_0.movies_id where u1_0.user_id=?
Hibernate: select r1_0.users_id,r1_1.id,r1_1.name from user_roles r1_0 join roles r1_1 on r1_1.id=r1_0.roles_id where r1_0.users_id=?
Hibernate: select m1_0.user_id,m1_1.id,g1_0.movies_id,g1_1.id,g1_1.name,m1_1.imdb_rating,m1_1.kp_id,m1_1.kp_rating,m1_1.movie_name,m1_1.poster_url,m1_1.release_year,m1_1.review from users_movies m1_0 join movies m1_1 on m1_1.id=m1_0.movies_id left join (movie_genres g1_0 join genres g1_1 on g1_1.id=g1_0.genres_id) on m1_1.id=g1_0.movies_id where m1_0.user_id=?
Hibernate: select u1_0.user_id,u1_0.id,m1_0.id,g1_0.movies_id,g1_1.id,g1_1.name,m1_0.imdb_rating,m1_0.kp_id,m1_0.kp_rating,m1_0.movie_name,m1_0.poster_url,m1_0.release_year,m1_0.review,u1_0.rating from movie_rating u1_0 left join movies m1_0 on m1_0.id=u1_0.movie_id left join (movie_genres g1_0 join genres g1_1 on g1_1.id=g1_0.genres_id) on m1_0.id=g1_0.movies_id where u1_0.user_id=?
Hibernate: select r1_0.users_id,r1_1.id,r1_1.name from user_roles r1_0 join roles r1_1 on r1_1.id=r1_0.roles_id where r1_0.users_id=?
Hibernate: select m1_0.user_id,m1_1.id,g1_0.movies_id,g1_1.id,g1_1.name,m1_1.imdb_rating,m1_1.kp_id,m1_1.kp_rating,m1_1.movie_name,m1_1.poster_url,m1_1.release_year,m1_1.review from users_movies m1_0 join movies m1_1 on m1_1.id=m1_0.movies_id left join (movie_genres g1_0 join genres g1_1 on g1_1.id=g1_0.genres_id) on m1_1.id=g1_0.movies_id where m1_0.user_id=?
2023-07-09T11:03:09.924+03:00 DEBUG 10640 --- [    Test worker] s.w.s.m.m.a.RequestMappingHandlerMapping : Mapped to sobad.code.movies_diary.controllers.MovieController#createMovie(MovieDtoRequest)
Hibernate: select u1_0.id,u1_0.password,u1_0.username from users u1_0 where u1_0.username=?
Hibernate: select u1_0.user_id,u1_0.id,m1_0.id,g1_0.movies_id,g1_1.id,g1_1.name,m1_0.imdb_rating,m1_0.kp_id,m1_0.kp_rating,m1_0.movie_name,m1_0.poster_url,m1_0.release_year,m1_0.review,u1_0.rating from movie_rating u1_0 left join movies m1_0 on m1_0.id=u1_0.movie_id left join (movie_genres g1_0 join genres g1_1 on g1_1.id=g1_0.genres_id) on m1_0.id=g1_0.movies_id where u1_0.user_id=?
Hibernate: select r1_0.users_id,r1_1.id,r1_1.name from user_roles r1_0 join roles r1_1 on r1_1.id=r1_0.roles_id where r1_0.users_id=?
Hibernate: select m1_0.user_id,m1_1.id,g1_0.movies_id,g1_1.id,g1_1.name,m1_1.imdb_rating,m1_1.kp_id,m1_1.kp_rating,m1_1.movie_name,m1_1.poster_url,m1_1.release_year,m1_1.review from users_movies m1_0 join movies m1_1 on m1_1.id=m1_0.movies_id left join (movie_genres g1_0 join genres g1_1 on g1_1.id=g1_0.genres_id) on m1_1.id=g1_0.movies_id where m1_0.user_id=?
Hibernate: select u1_0.id,u1_0.password,u1_0.username from users u1_0 where u1_0.username=?
Hibernate: select u1_0.user_id,u1_0.id,m1_0.id,g1_0.movies_id,g1_1.id,g1_1.name,m1_0.imdb_rating,m1_0.kp_id,m1_0.kp_rating,m1_0.movie_name,m1_0.poster_url,m1_0.release_year,m1_0.review,u1_0.rating from movie_rating u1_0 left join movies m1_0 on m1_0.id=u1_0.movie_id left join (movie_genres g1_0 join genres g1_1 on g1_1.id=g1_0.genres_id) on m1_0.id=g1_0.movies_id where u1_0.user_id=?
Hibernate: select r1_0.users_id,r1_1.id,r1_1.name from user_roles r1_0 join roles r1_1 on r1_1.id=r1_0.roles_id where r1_0.users_id=?
Hibernate: select m1_0.user_id,m1_1.id,g1_0.movies_id,g1_1.id,g1_1.name,m1_1.imdb_rating,m1_1.kp_id,m1_1.kp_rating,m1_1.movie_name,m1_1.poster_url,m1_1.release_year,m1_1.review from users_movies m1_0 join movies m1_1 on m1_1.id=m1_0.movies_id left join (movie_genres g1_0 join genres g1_1 on g1_1.id=g1_0.genres_id) on m1_1.id=g1_0.movies_id where m1_0.user_id=?
Hibernate: select t1_0.id,t1_0.expired,t1_0.revoked,t1_0.token,t1_0.user_id from token t1_0 where t1_0.token=?
2023-07-09T11:03:09.931+03:00 DEBUG 10640 --- [    Test worker] s.w.s.m.m.a.RequestMappingHandlerMapping : Mapped to sobad.code.movies_diary.controllers.MovieController#createMovie(MovieDtoRequest)
2023-07-09T11:03:09.932+03:00 DEBUG 10640 --- [    Test worker] s.w.s.m.m.a.RequestMappingHandlerMapping : Mapped to sobad.code.movies_diary.controllers.MovieController#createMovie(MovieDtoRequest)
2023-07-09T11:03:09.932+03:00 DEBUG 10640 --- [    Test worker] m.m.a.RequestResponseBodyMethodProcessor : Read "application/json;charset=UTF-8" to [sobad.code.movies_diary.dto.MovieDtoRequest@57163eb5]
Hibernate: select m1_0.id,m1_0.imdb_rating,m1_0.kp_id,m1_0.kp_rating,m1_0.movie_name,m1_0.poster_url,m1_0.release_year,m1_0.review from movies m1_0 where m1_0.kp_id=?
Hibernate: select g1_0.id,g1_0.name from genres g1_0 where g1_0.name=?
Hibernate: select g1_0.id,g1_0.name from genres g1_0 where g1_0.name=?
Hibernate: select g1_0.id,g1_0.name from genres g1_0 where g1_0.name=?
Hibernate: insert into movies (id, imdb_rating, kp_id, kp_rating, movie_name, poster_url, release_year, review) values (default, ?, ?, ?, ?, ?, ?, ?)
Hibernate: insert into movie_genres (movies_id, genres_id) values (?, ?)
Hibernate: insert into movie_genres (movies_id, genres_id) values (?, ?)
Hibernate: insert into movie_genres (movies_id, genres_id) values (?, ?)
Hibernate: select u1_0.id,u1_0.password,u1_0.username from users u1_0 where u1_0.username=?
Hibernate: select u1_0.user_id,u1_0.id,m1_0.id,g1_0.movies_id,g1_1.id,g1_1.name,m1_0.imdb_rating,m1_0.kp_id,m1_0.kp_rating,m1_0.movie_name,m1_0.poster_url,m1_0.release_year,m1_0.review,u1_0.rating from movie_rating u1_0 left join movies m1_0 on m1_0.id=u1_0.movie_id left join (movie_genres g1_0 join genres g1_1 on g1_1.id=g1_0.genres_id) on m1_0.id=g1_0.movies_id where u1_0.user_id=?
Hibernate: select r1_0.users_id,r1_1.id,r1_1.name from user_roles r1_0 join roles r1_1 on r1_1.id=r1_0.roles_id where r1_0.users_id=?
Hibernate: select m1_0.user_id,m1_1.id,g1_0.movies_id,g1_1.id,g1_1.name,m1_1.imdb_rating,m1_1.kp_id,m1_1.kp_rating,m1_1.movie_name,m1_1.poster_url,m1_1.release_year,m1_1.review from users_movies m1_0 join movies m1_1 on m1_1.id=m1_0.movies_id left join (movie_genres g1_0 join genres g1_1 on g1_1.id=g1_0.genres_id) on m1_1.id=g1_0.movies_id where m1_0.user_id=?
Hibernate: insert into movie_rating (id, movie_id, rating, user_id) values (default, ?, ?, ?)
Hibernate: select u1_0.id,u1_0.password,u1_0.username from users u1_0 where u1_0.username=?
Hibernate: insert into users_movies (user_id, movies_id) values (?, ?)
Hibernate: select u1_0.id,u1_0.password,u1_0.username from users u1_0 where u1_0.username=?
Hibernate: select m1_0.id,m1_0.movie_id,m1_0.rating,m1_0.user_id from movie_rating m1_0 where m1_0.movie_id=? and m1_0.user_id=?
Hibernate: select m1_0.id,m1_0.movie_id,m1_0.rating,m1_0.user_id from movie_rating m1_0 where m1_0.movie_id=?
2023-07-09T11:03:09.956+03:00 DEBUG 10640 --- [    Test worker] o.s.w.s.m.m.a.HttpEntityMethodProcessor  : Using 'application/json', given [*/*] and supported [application/json, application/*+json]
2023-07-09T11:03:09.956+03:00 DEBUG 10640 --- [    Test worker] o.s.w.s.m.m.a.HttpEntityMethodProcessor  : Writing [sobad.code.movies_diary.dto.MovieDtoResponse@30360716]
Hibernate: select m1_0.id,m1_0.imdb_rating,m1_0.kp_id,m1_0.kp_rating,m1_0.movie_name,m1_0.poster_url,m1_0.release_year,m1_0.review from movies m1_0 where m1_0.kp_id=?
Hibernate: select g1_0.movies_id,g1_1.id,g1_1.name from movie_genres g1_0 join genres g1_1 on g1_1.id=g1_0.genres_id where g1_0.movies_id=?
Hibernate: select u1_0.id,u1_0.password,u1_0.username from users u1_0
Hibernate: select u1_0.user_id,u1_0.id,m1_0.id,g1_0.movies_id,g1_1.id,g1_1.name,m1_0.imdb_rating,m1_0.kp_id,m1_0.kp_rating,m1_0.movie_name,m1_0.poster_url,m1_0.release_year,m1_0.review,u1_0.rating from movie_rating u1_0 left join movies m1_0 on m1_0.id=u1_0.movie_id left join (movie_genres g1_0 join genres g1_1 on g1_1.id=g1_0.genres_id) on m1_0.id=g1_0.movies_id where u1_0.user_id=?
Hibernate: select r1_0.users_id,r1_1.id,r1_1.name from user_roles r1_0 join roles r1_1 on r1_1.id=r1_0.roles_id where r1_0.users_id=?
Hibernate: select m1_0.user_id,m1_1.id,g1_0.movies_id,g1_1.id,g1_1.name,m1_1.imdb_rating,m1_1.kp_id,m1_1.kp_rating,m1_1.movie_name,m1_1.poster_url,m1_1.release_year,m1_1.review from users_movies m1_0 join movies m1_1 on m1_1.id=m1_0.movies_id left join (movie_genres g1_0 join genres g1_1 on g1_1.id=g1_0.genres_id) on m1_1.id=g1_0.movies_id where m1_0.user_id=?
Hibernate: select u1_0.user_id,u1_0.id,m1_0.id,g1_0.movies_id,g1_1.id,g1_1.name,m1_0.imdb_rating,m1_0.kp_id,m1_0.kp_rating,m1_0.movie_name,m1_0.poster_url,m1_0.release_year,m1_0.review,u1_0.rating from movie_rating u1_0 left join movies m1_0 on m1_0.id=u1_0.movie_id left join (movie_genres g1_0 join genres g1_1 on g1_1.id=g1_0.genres_id) on m1_0.id=g1_0.movies_id where u1_0.user_id=?
Hibernate: select r1_0.users_id,r1_1.id,r1_1.name from user_roles r1_0 join roles r1_1 on r1_1.id=r1_0.roles_id where r1_0.users_id=?
Hibernate: select m1_0.user_id,m1_1.id,g1_0.movies_id,g1_1.id,g1_1.name,m1_1.imdb_rating,m1_1.kp_id,m1_1.kp_rating,m1_1.movie_name,m1_1.poster_url,m1_1.release_year,m1_1.review from users_movies m1_0 join movies m1_1 on m1_1.id=m1_0.movies_id left join (movie_genres g1_0 join genres g1_1 on g1_1.id=g1_0.genres_id) on m1_1.id=g1_0.movies_id where m1_0.user_id=?
Hibernate: select m1_0.id,m1_0.movie_id,m1_0.rating,m1_0.user_id from movie_rating m1_0 where m1_0.movie_id=? and m1_0.user_id=?
Hibernate: select m1_0.id,g1_0.movies_id,g1_1.id,g1_1.name,m1_0.imdb_rating,m1_0.kp_id,m1_0.kp_rating,m1_0.movie_name,m1_0.poster_url,m1_0.release_year,m1_0.review from movies m1_0 left join (movie_genres g1_0 join genres g1_1 on g1_1.id=g1_0.genres_id) on m1_0.id=g1_0.movies_id where m1_0.id=?
Hibernate: select u1_0.id,m1_0.user_id,m1_1.id,g1_0.movies_id,g1_1.id,g1_1.name,m1_1.imdb_rating,m1_1.kp_id,m1_1.kp_rating,m1_1.movie_name,m1_1.poster_url,m1_1.release_year,m1_1.review,u1_0.password,r1_0.users_id,r1_1.id,r1_1.name,u2_0.user_id,u2_0.id,m2_0.id,g2_0.movies_id,g2_1.id,g2_1.name,m2_0.imdb_rating,m2_0.kp_id,m2_0.kp_rating,m2_0.movie_name,m2_0.poster_url,m2_0.release_year,m2_0.review,u2_0.rating,u1_0.username from users u1_0 left join (users_movies m1_0 join movies m1_1 on m1_1.id=m1_0.movies_id) on u1_0.id=m1_0.user_id left join (movie_genres g1_0 join genres g1_1 on g1_1.id=g1_0.genres_id) on m1_1.id=g1_0.movies_id left join (user_roles r1_0 join roles r1_1 on r1_1.id=r1_0.roles_id) on u1_0.id=r1_0.users_id left join movie_rating u2_0 on u1_0.id=u2_0.user_id left join movies m2_0 on m2_0.id=u2_0.movie_id left join (movie_genres g2_0 join genres g2_1 on g2_1.id=g2_0.genres_id) on m2_0.id=g2_0.movies_id where u1_0.id=?
2023-07-09T11:03:09.967+03:00 DEBUG 10640 --- [    Test worker] s.w.s.m.m.a.RequestMappingHandlerMapping : Mapped to sobad.code.movies_diary.controllers.UserController#getUserProfile(String)
2023-07-09T11:03:09.968+03:00 DEBUG 10640 --- [    Test worker] s.w.s.m.m.a.RequestMappingHandlerMapping : Mapped to sobad.code.movies_diary.controllers.UserController#getUserProfile(String)
2023-07-09T11:03:09.968+03:00 DEBUG 10640 --- [    Test worker] s.w.s.m.m.a.RequestMappingHandlerMapping : Mapped to sobad.code.movies_diary.controllers.UserController#getUserProfile(String)
2023-07-09T11:03:09.968+03:00 DEBUG 10640 --- [    Test worker] s.w.s.m.m.a.RequestMappingHandlerMapping : Mapped to sobad.code.movies_diary.controllers.UserController#getUserProfile(String)
2023-07-09T11:03:09.968+03:00 DEBUG 10640 --- [    Test worker] s.w.s.m.m.a.RequestMappingHandlerMapping : Mapped to sobad.code.movies_diary.controllers.UserController#getUserProfile(String)
2023-07-09T11:03:09.968+03:00 DEBUG 10640 --- [    Test worker] s.w.s.m.m.a.RequestMappingHandlerMapping : Mapped to sobad.code.movies_diary.controllers.UserController#getUserProfile(String)
2023-07-09T11:03:09.968+03:00 DEBUG 10640 --- [    Test worker] s.w.s.m.m.a.RequestMappingHandlerMapping : Mapped to sobad.code.movies_diary.controllers.UserController#getUserProfile(String)
2023-07-09T11:03:09.969+03:00 DEBUG 10640 --- [    Test worker] s.w.s.m.m.a.RequestMappingHandlerMapping : Mapped to sobad.code.movies_diary.controllers.UserController#getUserProfile(String)
Hibernate: select u1_0.id,u1_0.password,u1_0.username from users u1_0 where u1_0.username=?
Hibernate: select u1_0.user_id,u1_0.id,m1_0.id,g1_0.movies_id,g1_1.id,g1_1.name,m1_0.imdb_rating,m1_0.kp_id,m1_0.kp_rating,m1_0.movie_name,m1_0.poster_url,m1_0.release_year,m1_0.review,u1_0.rating from movie_rating u1_0 left join movies m1_0 on m1_0.id=u1_0.movie_id left join (movie_genres g1_0 join genres g1_1 on g1_1.id=g1_0.genres_id) on m1_0.id=g1_0.movies_id where u1_0.user_id=?
Hibernate: select r1_0.users_id,r1_1.id,r1_1.name from user_roles r1_0 join roles r1_1 on r1_1.id=r1_0.roles_id where r1_0.users_id=?
Hibernate: select m1_0.user_id,m1_1.id,g1_0.movies_id,g1_1.id,g1_1.name,m1_1.imdb_rating,m1_1.kp_id,m1_1.kp_rating,m1_1.movie_name,m1_1.poster_url,m1_1.release_year,m1_1.review from users_movies m1_0 join movies m1_1 on m1_1.id=m1_0.movies_id left join (movie_genres g1_0 join genres g1_1 on g1_1.id=g1_0.genres_id) on m1_1.id=g1_0.movies_id where m1_0.user_id=?
Hibernate: select m1_0.id,m1_0.movie_id,m1_0.rating,m1_0.user_id from movie_rating m1_0 where m1_0.movie_id=? and m1_0.user_id=?
Hibernate: select m1_0.id,m1_0.movie_id,m1_0.rating,m1_0.user_id from movie_rating m1_0 where m1_0.movie_id=?
2023-07-09T11:03:09.973+03:00 DEBUG 10640 --- [    Test worker] o.s.w.s.m.m.a.HttpEntityMethodProcessor  : Using 'application/json', given [*/*] and supported [application/json, application/*+json]
2023-07-09T11:03:09.974+03:00 DEBUG 10640 --- [    Test worker] o.s.w.s.m.m.a.HttpEntityMethodProcessor  : Writing [UserDtoResponse(username=datfeel, movies=[sobad.code.movies_diary.dto.MovieDtoResponse@6534f871])]
]]></system-out>
  <system-err><![CDATA[]]></system-err>
</testsuite>
