<?xml version="1.0" encoding="UTF-8"?>
<testsuite name="sobad.code.movies_diary.repositories.UserRepositoryTests" tests="1" skipped="0" failures="0" errors="0" timestamp="2023-07-09T08:03:10" hostname="DESKTOP-C604IPF" time="0.007">
  <properties/>
  <testcase name="UserRepository_SaveUser()" classname="sobad.code.movies_diary.repositories.UserRepositoryTests" time="0.007"/>
  <system-out><![CDATA[2023-07-09T11:03:09.979+03:00  INFO 10640 --- [    Test worker] t.c.s.AnnotationConfigContextLoaderUtils : Could not detect default configuration classes for test class [sobad.code.movies_diary.repositories.UserRepositoryTests]: UserRepositoryTests does not declare any static, non-private, non-final, nested classes annotated with @Configuration.
2023-07-09T11:03:09.995+03:00  INFO 10640 --- [    Test worker] .b.t.c.SpringBootTestContextBootstrapper : Found @SpringBootConfiguration sobad.code.movies_diary.MoviesDiaryApplication for test class sobad.code.movies_diary.repositories.UserRepositoryTests

  .   ____          _            __ _ _
 /\\ / ___'_ __ _ _(_)_ __  __ _ \ \ \ \
( ( )\___ | '_ | '_| | '_ \/ _` | \ \ \ \
 \\/  ___)| |_)| | | | | || (_| |  ) ) ) )
  '  |____| .__|_| |_|_| |_\__, | / / / /
 =========|_|==============|___/=/_/_/_/
 :: Spring Boot ::                (v3.0.6)

2023-07-09T11:03:10.020+03:00  INFO 10640 --- [    Test worker] s.c.m.repositories.UserRepositoryTests   : Starting UserRepositoryTests using Java 17.0.4.1 with PID 10640 (started by datfe in C:\Users\datfe\movies_diary)
2023-07-09T11:03:10.021+03:00  INFO 10640 --- [    Test worker] s.c.m.repositories.UserRepositoryTests   : No active profile set, falling back to 1 default profile: "default"
2023-07-09T11:03:10.102+03:00  INFO 10640 --- [    Test worker] .s.d.r.c.RepositoryConfigurationDelegate : Bootstrapping Spring Data JPA repositories in DEFAULT mode.
2023-07-09T11:03:10.122+03:00  INFO 10640 --- [    Test worker] .s.d.r.c.RepositoryConfigurationDelegate : Finished Spring Data repository scanning in 19 ms. Found 6 JPA repository interfaces.
2023-07-09T11:03:10.131+03:00  INFO 10640 --- [    Test worker] beddedDataSourceBeanFactoryPostProcessor : Replacing 'dataSource' DataSource bean with embedded version
2023-07-09T11:03:10.153+03:00  INFO 10640 --- [    Test worker] o.s.j.d.e.EmbeddedDatabaseFactory        : Starting embedded database: url='jdbc:h2:mem:0c51d59e-a525-4f78-b969-dfd25df76404;DB_CLOSE_DELAY=-1;DB_CLOSE_ON_EXIT=false', username='sa'
2023-07-09T11:03:10.157+03:00  INFO 10640 --- [    Test worker] liquibase.database                       : Set default schema name to PUBLIC
2023-07-09T11:03:10.168+03:00  INFO 10640 --- [    Test worker] liquibase.lockservice                    : Successfully acquired change log lock
2023-07-09T11:03:10.171+03:00  INFO 10640 --- [    Test worker] liquibase.changelog                      : Creating database history table with name: PUBLIC.DATABASECHANGELOG
2023-07-09T11:03:10.173+03:00  INFO 10640 --- [    Test worker] liquibase.changelog                      : Reading from PUBLIC.DATABASECHANGELOG
2023-07-09T11:03:10.177+03:00  INFO 10640 --- [    Test worker] liquibase.lockservice                    : Successfully released change log lock
2023-07-09T11:03:10.196+03:00  INFO 10640 --- [    Test worker] o.hibernate.jpa.internal.util.LogHelper  : HHH000204: Processing PersistenceUnitInfo [name: default]
2023-07-09T11:03:10.205+03:00  INFO 10640 --- [    Test worker] SQL dialect                              : HHH000400: Using dialect: org.hibernate.dialect.H2Dialect
Hibernate: drop table if exists genres cascade 
Hibernate: drop table if exists movie_genres cascade 
Hibernate: drop table if exists movie_rating cascade 
Hibernate: drop table if exists movies cascade 
Hibernate: drop table if exists roles cascade 
Hibernate: drop table if exists token cascade 
Hibernate: drop table if exists user_roles cascade 
Hibernate: drop table if exists users cascade 
Hibernate: drop table if exists users_movies cascade 
Hibernate: create table genres (id bigint generated by default as identity, name varchar(255), primary key (id))
Hibernate: create table movie_genres (movies_id bigint not null, genres_id bigint not null, primary key (movies_id, genres_id))
Hibernate: create table movie_rating (id bigint generated by default as identity, rating float(53), movie_id bigint, user_id bigint, primary key (id))
Hibernate: create table movies (id bigint generated by default as identity, imdb_rating float(53), kp_id bigint, kp_rating float(53), movie_name varchar(255), poster_url varchar(255), release_year integer, review varchar(255), primary key (id))
Hibernate: create table roles (id bigint generated by default as identity, name varchar(255), primary key (id))
Hibernate: create table token (id bigint generated by default as identity, expired boolean not null, revoked boolean not null, token varchar(255), user_id bigint, primary key (id))
Hibernate: create table user_roles (users_id bigint not null, roles_id bigint not null)
Hibernate: create table users (id bigint generated by default as identity, password varchar(255), username varchar(255), primary key (id))
Hibernate: create table users_movies (user_id bigint not null, movies_id bigint not null, primary key (user_id, movies_id))
Hibernate: alter table if exists genres add constraint UK_pe1a9woik1k97l87cieguyhh4 unique (name)
Hibernate: alter table if exists movies add constraint UK_kq19bvbb98ef7a0uabnjjir7i unique (kp_id)
Hibernate: alter table if exists token add constraint UK_pddrhgwxnms2aceeku9s2ewy5 unique (token)
Hibernate: alter table if exists movie_genres add constraint FK53x08betoqqiv345tpl73o360 foreign key (genres_id) references genres
Hibernate: alter table if exists movie_genres add constraint FKlt5c03lnpjfpuw7qrg5xthv8n foreign key (movies_id) references movies
Hibernate: alter table if exists movie_rating add constraint FKrw226r1p47nxbd66d1nsqvte3 foreign key (movie_id) references movies
Hibernate: alter table if exists movie_rating add constraint FKfyoawrev9qouosq74b2413r4w foreign key (user_id) references users
Hibernate: alter table if exists token add constraint FKj8rfw4x0wjjyibfqq566j4qng foreign key (user_id) references users
Hibernate: alter table if exists user_roles add constraint FKdbv8tdyltxa1qjmfnj9oboxse foreign key (roles_id) references roles
Hibernate: alter table if exists user_roles add constraint FKoovdgg7vvr1hb8vw6ivcrv3tb foreign key (users_id) references users
Hibernate: alter table if exists users_movies add constraint FK4mgf9y515d4ccypkee5onx6dy foreign key (movies_id) references movies
Hibernate: alter table if exists users_movies add constraint FKhhj9vi206o88q0typfntk3fek foreign key (user_id) references users
2023-07-09T11:03:10.302+03:00  INFO 10640 --- [    Test worker] o.h.e.t.j.p.i.JtaPlatformInitiator       : HHH000490: Using JtaPlatform implementation: [org.hibernate.engine.transaction.jta.platform.internal.NoJtaPlatform]
2023-07-09T11:03:10.302+03:00  INFO 10640 --- [    Test worker] j.LocalContainerEntityManagerFactoryBean : Initialized JPA EntityManagerFactory for persistence unit 'default'
2023-07-09T11:03:10.371+03:00  INFO 10640 --- [    Test worker] s.c.m.repositories.UserRepositoryTests   : Started UserRepositoryTests in 0.373 seconds (process running for 10.012)
Hibernate: insert into users (id, password, username) values (default, ?, ?)
]]></system-out>
  <system-err><![CDATA[]]></system-err>
</testsuite>
