<?xml version="1.0" encoding="UTF-8"?>
<testsuite name="sobad.code.movies_diary.MoviesDiaryApplicationTests" tests="1" skipped="0" failures="0" errors="0" timestamp="2023-07-09T08:03:09" hostname="DESKTOP-C604IPF" time="0.001">
  <properties/>
  <testcase name="contextLoads()" classname="sobad.code.movies_diary.MoviesDiaryApplicationTests" time="0.001"/>
  <system-out><![CDATA[]]></system-out>
  <system-err><![CDATA[]]></system-err>
</testsuite>
